<?xml version="1.0" encoding="UTF-8"?>
<testng-results skipped="0" failed="0" ignored="0" total="2" passed="2">
  <reporter-output>
  </reporter-output>
  <suite name="Default suite" duration-ms="3870" started-at="2019-11-28T05:40:02Z" finished-at="2019-11-28T05:40:06Z">
    <groups>
    </groups>
    <test name="Default test" duration-ms="3870" started-at="2019-11-28T05:40:02Z" finished-at="2019-11-28T05:40:06Z">
      <class name="test.Evaluation.Evaluation2">
        <test-method status="PASS" signature="getResponse()[pri:0, instance:test.Evaluation.Evaluation2@66d1af89]" name="getResponse" duration-ms="2724" started-at="2019-11-28T05:40:02Z" finished-at="2019-11-28T05:40:05Z">
          <reporter-output>
          </reporter-output>
        </test-method> <!-- getResponse -->
        <test-method status="PASS" signature="validateResponse()[pri:1, instance:test.Evaluation.Evaluation2@66d1af89]" name="validateResponse" duration-ms="1097" started-at="2019-11-28T05:40:05Z" finished-at="2019-11-28T05:40:06Z">
          <reporter-output>
          </reporter-output>
        </test-method> <!-- validateResponse -->
      </class> <!-- test.Evaluation.Evaluation2 -->
    </test> <!-- Default test -->
  </suite> <!-- Default suite -->
</testng-results>
